{"level":"info","message":"MongoDB connected successfully","service":"user-service","timestamp":"2026-03-17T08:06:06.022Z"}
{"level":"info","message":"MongoDB connected successfully","service":"user-service","timestamp":"2026-03-17T08:16:21.719Z"}
{"level":"info","message":"MongoDB connected successfully","service":"user-service","timestamp":"2026-03-17T08:22:49.395Z"}
{"level":"info","message":"MongoDB connected successfully","service":"user-service","timestamp":"2026-03-17T08:23:11.621Z"}
{"level":"info","message":"MongoDB connected successfully","service":"user-service","timestamp":"2026-03-17T08:25:30.993Z"}
{"cause":{"commonWireVersion":0,"compatible":true,"heartbeatFrequencyMS":10000,"localThresholdMS":15,"logicalSessionTimeoutMinutes":null,"maxElectionId":null,"maxSetVersion":null,"servers":{"127.0.0.1:27017":{"$clusterTime":null,"address":"127.0.0.1:27017","arbiters":[],"electionId":null,"error":{"beforeHandshake":false,"errorLabelSet":{}},"hosts":[],"iscryptd":false,"lastUpdateTime":143740753,"lastWriteDate":0,"logicalSessionTimeoutMinutes":null,"maxBsonObjectSize":null,"maxMessageSizeBytes":null,"maxWireVersion":0,"maxWriteBatchSize":null,"me":null,"minRoundTripTime":0,"minWireVersion":0,"passives":[],"primary":null,"roundTripTime":-1,"setName":null,"setVersion":null,"tags":{},"topologyVersion":null,"type":"Unknown"}},"setName":null,"stale":false,"type":"Unknown"},"errorLabelSet":{},"level":"error","message":"DB connection error: connect ECONNREFUSED 127.0.0.1:27017","reason":{"commonWireVersion":0,"compatible":true,"heartbeatFrequencyMS":10000,"localThresholdMS":15,"logicalSessionTimeoutMinutes":null,"maxElectionId":null,"maxSetVersion":null,"servers":{"127.0.0.1:27017":{"$clusterTime":null,"address":"127.0.0.1:27017","arbiters":[],"electionId":null,"error":{"beforeHandshake":false,"errorLabelSet":{}},"hosts":[],"iscryptd":false,"lastUpdateTime":143740753,"lastWriteDate":0,"logicalSessionTimeoutMinutes":null,"maxBsonObjectSize":null,"maxMessageSizeBytes":null,"maxWireVersion":0,"maxWriteBatchSize":null,"me":null,"minRoundTripTime":0,"minWireVersion":0,"passives":[],"primary":null,"roundTripTime":-1,"setName":null,"setVersion":null,"tags":{},"topologyVersion":null,"type":"Unknown"}},"setName":null,"stale":false,"type":"Unknown"},"service":"user-service","stack":"MongooseServerSelectionError: connect ECONNREFUSED 127.0.0.1:27017\n    at _handleConnectionErrors (H:\\projects\\agrichain-trace\\backend\\node_modules\\mongoose\\lib\\connection.js:1169:11)\n    at NativeConnection.openUri (H:\\projects\\agrichain-trace\\backend\\node_modules\\mongoose\\lib\\connection.js:1100:11)\n    at async connectDB (H:\\projects\\agrichain-trace\\backend\\config\\db.js:19:5)","timestamp":"2026-03-17T08:32:00.080Z"}
{"level":"info","message":"MongoDB connected successfully","service":"user-service","timestamp":"2026-03-17T08:33:01.872Z"}
{"level":"info","message":"Server running on port 5000","timestamp":"2026-03-17 14:10:53"}
{"level":"info","message":"MongoDB connected successfully","service":"user-service","timestamp":"2026-03-17T08:40:53.616Z"}
{"level":"info","message":"Server running on port 5000","timestamp":"2026-03-17 14:11:19"}
{"level":"info","message":"MongoDB connected successfully","service":"user-service","timestamp":"2026-03-17T08:41:19.258Z"}
{"level":"info","message":"Server running on port 5000","timestamp":"2026-03-17 14:11:48"}
{"level":"info","message":"MongoDB connected successfully","service":"user-service","timestamp":"2026-03-17T08:41:48.374Z"}
{"level":"info","message":"Server running on port 5000","timestamp":"2026-03-17 14:12:05"}
{"level":"info","message":"MongoDB connected successfully","service":"user-service","timestamp":"2026-03-17T08:42:05.822Z"}
{"level":"info","message":"Server running on port 5000","timestamp":"2026-03-17 14:13:34"}
{"level":"info","message":"MongoDB connected successfully","service":"user-service","timestamp":"2026-03-17T08:43:34.777Z"}
{"level":"info","message":"Server running on port 5000","timestamp":"2026-03-17 14:15:44"}
{"level":"info","message":"MongoDB connected successfully","service":"user-service","timestamp":"2026-03-17T08:45:44.846Z"}
{"level":"info","message":"Server running on port 5000","timestamp":"2026-03-17 14:17:20"}
{"level":"info","message":"MongoDB connected successfully","service":"user-service","timestamp":"2026-03-17T08:47:20.339Z"}
{"level":"info","message":"Server running on port 5000","timestamp":"2026-03-17 14:18:19"}
{"level":"info","message":"MongoDB connected successfully","service":"user-service","timestamp":"2026-03-17T08:48:19.275Z"}
{"level":"info","message":"Server running on port 5000","timestamp":"2026-03-17 14:18:59"}
{"level":"info","message":"MongoDB connected successfully","service":"user-service","timestamp":"2026-03-17T08:48:59.896Z"}
{"level":"info","message":"Server running on port 5000","timestamp":"2026-03-17 14:21:05"}
{"level":"info","message":"MongoDB connected successfully","service":"user-service","timestamp":"2026-03-17T08:51:05.293Z"}
{"level":"info","message":"Server running on port 5000","timestamp":"2026-03-17 14:21:33"}
{"level":"info","message":"MongoDB connected successfully","service":"user-service","timestamp":"2026-03-17T08:51:33.959Z"}
{"level":"info","message":"Server running on port 5000","timestamp":"2026-03-17 14:25:19"}
{"level":"info","message":"MongoDB connected successfully","service":"user-service","timestamp":"2026-03-17T08:55:19.343Z"}
{"level":"info","message":"Server running on port 5000","timestamp":"2026-03-17 14:25:49"}
{"level":"info","message":"MongoDB connected successfully","service":"user-service","timestamp":"2026-03-17T08:55:50.081Z"}
{"level":"info","message":"Server running on port 5000","timestamp":"2026-03-17 14:28:02"}
{"level":"info","message":"MongoDB connected successfully","service":"user-service","timestamp":"2026-03-17T08:58:03.102Z"}
{"level":"info","message":"Server running on port 5000","timestamp":"2026-03-17 14:31:36"}
{"level":"info","message":"MongoDB connected successfully","service":"user-service","timestamp":"2026-03-17T09:01:36.352Z"}
{"level":"info","message":"Server running on port 5000","timestamp":"2026-03-17 14:31:52"}
{"level":"info","message":"MongoDB connected successfully","service":"user-service","timestamp":"2026-03-17T09:01:52.768Z"}
{"level":"info","message":"Server running on port 5000","timestamp":"2026-03-17 14:41:35"}
{"level":"info","message":"MongoDB connected successfully","service":"user-service","timestamp":"2026-03-17T09:11:35.563Z"}
{"level":"info","message":"Server running on port 5000","timestamp":"2026-03-17 14:59:34"}
{"level":"info","message":"MongoDB connected successfully","service":"user-service","timestamp":"2026-03-17T09:29:34.269Z"}
{"level":"info","message":"Server running on port 5000","timestamp":"2026-03-17 15:12:08"}
{"level":"info","message":"MongoDB connected successfully","service":"user-service","timestamp":"2026-03-17T09:42:08.853Z"}
{"level":"info","message":"Server running on port 5000"}
{"level":"info","message":"MongoDB connected successfully","service":"user-service","timestamp":"2026-03-17T09:46:17.670Z"}
{"level":"info","message":"Server running on port 5000"}
{"level":"info","message":"MongoDB connected successfully","service":"user-service","timestamp":"2026-03-17T09:50:43.867Z"}
{"level":"info","message":"Server running on port 5000"}
{"level":"info","message":"MongoDB connected successfully","service":"user-service","timestamp":"2026-03-17T09:51:05.078Z"}
{"level":"info","message":"Server running on port 5000"}
{"level":"info","message":"MongoDB connected successfully","service":"user-service","timestamp":"2026-03-17T09:51:25.060Z"}
info: Server running on port 5000 {"timestamp":"2026-03-17T10:16:06.836Z"}
{"level":"info","message":"MongoDB connected successfully","service":"user-service","timestamp":"2026-03-17T10:16:06.919Z"}
error: Place order error: Crop validation failed: batchId: Path `batchId` is required. {"_message":"Crop validation failed","errors":{"batchId":{"kind":"required","message":"Path `batchId` is required.","name":"ValidatorError","path":"batchId","properties":{"message":"Path `batchId` is required.","path":"batchId","type":"required"}}},"stack":"ValidationError: Crop validation failed: batchId: Path `batchId` is required.\n    at Document.invalidate (H:\\projects\\agrichain-trace\\backend\\node_modules\\mongoose\\lib\\document.js:3420:32)\n    at validatePath (H:\\projects\\agrichain-trace\\backend\\node_modules\\mongoose\\lib\\document.js:3192:13)\n    at process.processTicksAndRejections (node:internal/process/task_queues:105:5)\n    at async Promise.all (index 0)\n    at async model.$__validate (H:\\projects\\agrichain-trace\\backend\\node_modules\\mongoose\\lib\\document.js:3133:3)\n    at async model.validate (H:\\projects\\agrichain-trace\\backend\\node_modules\\mongoose\\lib\\document.js:2702:5)\n    at async model.validateBeforeSavePreSave (H:\\projects\\agrichain-trace\\backend\\node_modules\\mongoose\\lib\\plugins\\validateBeforeSave.js:39:5)\n    at async Kareem.execPre (H:\\projects\\agrichain-trace\\backend\\node_modules\\kareem\\index.js:70:24)\n    at async model.$__save (H:\\projects\\agrichain-trace\\backend\\node_modules\\mongoose\\lib\\model.js:376:5)\n    at async model.save (H:\\projects\\agrichain-trace\\backend\\node_modules\\mongoose\\lib\\model.js:642:5)","timestamp":"2026-03-17T10:19:46.024Z"}
error: Place order error: Crop validation failed: batchId: Path `batchId` is required. {"_message":"Crop validation failed","errors":{"batchId":{"kind":"required","message":"Path `batchId` is required.","name":"ValidatorError","path":"batchId","properties":{"message":"Path `batchId` is required.","path":"batchId","type":"required"}}},"stack":"ValidationError: Crop validation failed: batchId: Path `batchId` is required.\n    at Document.invalidate (H:\\projects\\agrichain-trace\\backend\\node_modules\\mongoose\\lib\\document.js:3420:32)\n    at validatePath (H:\\projects\\agrichain-trace\\backend\\node_modules\\mongoose\\lib\\document.js:3192:13)\n    at process.processTicksAndRejections (node:internal/process/task_queues:105:5)\n    at async Promise.all (index 0)\n    at async model.$__validate (H:\\projects\\agrichain-trace\\backend\\node_modules\\mongoose\\lib\\document.js:3133:3)\n    at async model.validate (H:\\projects\\agrichain-trace\\backend\\node_modules\\mongoose\\lib\\document.js:2702:5)\n    at async model.validateBeforeSavePreSave (H:\\projects\\agrichain-trace\\backend\\node_modules\\mongoose\\lib\\plugins\\validateBeforeSave.js:39:5)\n    at async Kareem.execPre (H:\\projects\\agrichain-trace\\backend\\node_modules\\kareem\\index.js:70:24)\n    at async model.$__save (H:\\projects\\agrichain-trace\\backend\\node_modules\\mongoose\\lib\\model.js:376:5)\n    at async model.save (H:\\projects\\agrichain-trace\\backend\\node_modules\\mongoose\\lib\\model.js:642:5)","timestamp":"2026-03-17T10:19:48.986Z"}
info: Server running on port 5000 {"timestamp":"2026-03-23T05:38:06.873Z"}
{"level":"info","message":"MongoDB connected successfully","service":"user-service","timestamp":"2026-03-23T05:38:06.943Z"}
info: Server running on port 5000 {"timestamp":"2026-03-23T05:46:27.902Z"}
{"level":"info","message":"MongoDB connected successfully","service":"user-service","timestamp":"2026-03-23T05:46:27.960Z"}
info: Server running on port 5000 {"timestamp":"2026-03-23T06:04:12.207Z"}
{"level":"info","message":"MongoDB connected successfully","service":"user-service","timestamp":"2026-03-23T06:04:12.282Z"}
info: Server running on port 5000 {"timestamp":"2026-03-23T06:26:58.686Z"}
{"level":"info","message":"MongoDB connected successfully","service":"user-service","timestamp":"2026-03-23T06:26:58.753Z"}
info: Server running on port 5000 {"timestamp":"2026-03-23T06:27:53.456Z"}
{"level":"info","message":"MongoDB connected successfully","service":"user-service","timestamp":"2026-03-23T06:27:53.542Z"}
info: Server running on port 5000 {"timestamp":"2026-03-23T06:27:57.233Z"}
{"level":"info","message":"MongoDB connected successfully","service":"user-service","timestamp":"2026-03-23T06:27:57.319Z"}
info: Server running on port 5000 {"timestamp":"2026-03-23T06:28:28.220Z"}
{"level":"info","message":"MongoDB connected successfully","service":"user-service","timestamp":"2026-03-23T06:28:28.398Z"}
info: Server running on port 5000 {"timestamp":"2026-03-23T06:36:25.463Z"}
{"level":"info","message":"MongoDB connected successfully","service":"user-service","timestamp":"2026-03-23T06:36:25.611Z"}
error: Email send error: Invalid login: 535-5.7.8 Username and Password not accepted. For more information, go to
535 5.7.8  https://support.google.com/mail/?p=BadCredentials 98e67ed59e1d1-35bc612d6f3sm13726554a91.17 - gsmtp {"timestamp":"2026-03-23T06:37:37.035Z"}
error: Email send error: Invalid login: 535-5.7.8 Username and Password not accepted. For more information, go to
535 5.7.8  https://support.google.com/mail/?p=BadCredentials d2e1a72fcca58-82b0410a3d7sm8702190b3a.55 - gsmtp {"timestamp":"2026-03-23T06:37:58.459Z"}
info: Server running on port 5000 {"timestamp":"2026-03-23T06:45:16.754Z"}
{"level":"info","message":"MongoDB connected successfully","service":"user-service","timestamp":"2026-03-23T06:45:16.879Z"}
info: Server running on port 5000 {"timestamp":"2026-03-23T06:46:48.005Z"}
{"level":"info","message":"MongoDB connected successfully","service":"user-service","timestamp":"2026-03-23T06:46:48.063Z"}
info: Server running on port 5000 {"timestamp":"2026-03-23T07:02:51.151Z"}
{"level":"info","message":"MongoDB connected successfully","service":"user-service","timestamp":"2026-03-23T07:02:51.238Z"}
error: Email send error: Invalid login: 535-5.7.8 Username and Password not accepted. For more information, go to
535 5.7.8  https://support.google.com/mail/?p=BadCredentials d9443c01a7336-2b0835161a0sm117490485ad.10 - gsmtp {"timestamp":"2026-03-23T07:03:17.550Z"}
error: Email send error: Invalid login: 535-5.7.8 Username and Password not accepted. For more information, go to
535 5.7.8  https://support.google.com/mail/?p=BadCredentials d9443c01a7336-2b08365a62bsm131633095ad.46 - gsmtp {"timestamp":"2026-03-23T07:04:30.890Z"}
error: Email send error: Invalid login: 535-5.7.8 Username and Password not accepted. For more information, go to
535 5.7.8  https://support.google.com/mail/?p=BadCredentials d2e1a72fcca58-82b0410870csm8591923b3a.52 - gsmtp {"timestamp":"2026-03-23T07:05:20.724Z"}
error: Email send error: Invalid login: 535-5.7.8 Username and Password not accepted. For more information, go to
535 5.7.8  https://support.google.com/mail/?p=BadCredentials d9443c01a7336-2b08355f994sm101538505ad.36 - gsmtp {"timestamp":"2026-03-23T07:05:34.831Z"}
error: Email send error: Invalid login: 535-5.7.8 Username and Password not accepted. For more information, go to
535 5.7.8  https://support.google.com/mail/?p=BadCredentials 98e67ed59e1d1-35bd3f21163sm8785465a91.7 - gsmtp {"timestamp":"2026-03-23T07:05:39.272Z"}
error: Email send error: Invalid login: 535-5.7.8 Username and Password not accepted. For more information, go to
535 5.7.8  https://support.google.com/mail/?p=BadCredentials d9443c01a7336-2b0836556f6sm129121865ad.49 - gsmtp {"timestamp":"2026-03-23T07:06:38.954Z"}
error: Email send error: Invalid login: 535-5.7.8 Username and Password not accepted. For more information, go to
535 5.7.8  https://support.google.com/mail/?p=BadCredentials d9443c01a7336-2b083656f65sm134376175ad.45 - gsmtp {"timestamp":"2026-03-23T07:07:42.193Z"}
error: Email send error: Invalid login: 535-5.7.8 Username and Password not accepted. For more information, go to
535 5.7.8  https://support.google.com/mail/?p=BadCredentials d2e1a72fcca58-82b0409c1cesm8229421b3a.36 - gsmtp {"timestamp":"2026-03-23T07:07:49.730Z"}
info: Server running on port 5000 {"timestamp":"2026-03-24T16:49:04.636Z"}
{"level":"info","message":"MongoDB connected successfully","service":"user-service","timestamp":"2026-03-24T16:49:05.042Z"}
error: Email send error: Invalid login: 535-5.7.8 Username and Password not accepted. For more information, go to
535 5.7.8  https://support.google.com/mail/?p=BadCredentials d9443c01a7336-2b0835551c3sm145554455ad.35 - gsmtp {"timestamp":"2026-03-24T16:52:01.463Z"}
error: Email send error: Invalid login: 535-5.7.8 Username and Password not accepted. For more information, go to
535 5.7.8  https://support.google.com/mail/?p=BadCredentials d2e1a72fcca58-82b040debf9sm13335840b3a.47 - gsmtp {"timestamp":"2026-03-24T16:52:40.874Z"}
error: Email send error: Invalid login: 535-5.7.8 Username and Password not accepted. For more information, go to
535 5.7.8  https://support.google.com/mail/?p=BadCredentials d9443c01a7336-2b08351675esm196466265ad.14 - gsmtp {"timestamp":"2026-03-24T16:52:44.433Z"}
error: Email send error: Invalid login: 535-5.7.8 Username and Password not accepted. For more information, go to
535 5.7.8  https://support.google.com/mail/?p=BadCredentials d2e1a72fcca58-82b0409bf65sm13172977b3a.34 - gsmtp {"timestamp":"2026-03-24T16:53:29.696Z"}
error: Email send error: Invalid login: 535-5.7.8 Username and Password not accepted. For more information, go to
535 5.7.8  https://support.google.com/mail/?p=BadCredentials d2e1a72fcca58-82b0409c6besm15220250b3a.32 - gsmtp {"timestamp":"2026-03-24T16:53:40.954Z"}
error: Email send error: Invalid login: 535-5.7.8 Username and Password not accepted. For more information, go to
535 5.7.8  https://support.google.com/mail/?p=BadCredentials d9443c01a7336-2b0836a3430sm143359135ad.79 - gsmtp {"timestamp":"2026-03-24T16:53:55.777Z"}
error: Email send error: Invalid login: 535-5.7.8 Username and Password not accepted. For more information, go to
535 5.7.8  https://support.google.com/mail/?p=BadCredentials d2e1a72fcca58-82b04220d9asm12501672b3a.60 - gsmtp {"timestamp":"2026-03-24T16:53:56.194Z"}
error: Email send error: Invalid login: 535-5.7.8 Username and Password not accepted. For more information, go to
535 5.7.8  https://support.google.com/mail/?p=BadCredentials 98e67ed59e1d1-35c0ddaa7easm27878a91.10 - gsmtp {"timestamp":"2026-03-24T16:53:57.321Z"}
error: Email send error: Invalid login: 535-5.7.8 Username and Password not accepted. For more information, go to
535 5.7.8  https://support.google.com/mail/?p=BadCredentials d2e1a72fcca58-82b0409c11asm12364920b3a.30 - gsmtp {"timestamp":"2026-03-24T16:53:58.862Z"}
info: Server running on port 5000 {"timestamp":"2026-03-24T17:13:40.044Z"}
{"level":"info","message":"MongoDB connected successfully","service":"user-service","timestamp":"2026-03-24T17:13:40.132Z"}
info: Server running on port 5000 {"timestamp":"2026-03-24T17:21:28.461Z"}
{"level":"info","message":"MongoDB connected successfully","service":"user-service","timestamp":"2026-03-24T17:21:28.624Z"}
info: Server running on port 5000 {"timestamp":"2026-03-24T17:38:15.330Z"}
{"level":"info","message":"MongoDB connected successfully","service":"user-service","timestamp":"2026-03-24T17:38:15.544Z"}
info: Server running on port 5000 {"timestamp":"2026-03-24T17:39:02.547Z"}
{"level":"info","message":"MongoDB connected successfully","service":"user-service","timestamp":"2026-03-24T17:39:02.695Z"}
error: Email send error: Invalid login: 535-5.7.8 Username and Password not accepted. For more information, go to
535 5.7.8  https://support.google.com/mail/?p=BadCredentials d2e1a72fcca58-82b0409c6besm15371110b3a.32 - gsmtp {"timestamp":"2026-03-24T18:14:20.814Z"}
error: Email send error: Invalid greeting. response=421 Cannot connect to SMTP server 192.178.211.109 (192.178.211.109:587), connect error 10053: 421 Cannot connect to SMTP server 192.178.211.109 (192.178.211.109:587), connect error 10053 {"timestamp":"2026-03-24T18:21:48.616Z"}
error: Email send error: Invalid login: 535-5.7.8 Username and Password not accepted. For more information, go to
535 5.7.8  https://support.google.com/mail/?p=BadCredentials d2e1a72fcca58-82b041059a5sm16090182b3a.53 - gsmtp {"timestamp":"2026-03-24T18:32:55.627Z"}
error: Email send error: Invalid login: 535-5.7.8 Username and Password not accepted. For more information, go to
535 5.7.8  https://support.google.com/mail/?p=BadCredentials d9443c01a7336-2b0835604cdsm147621085ad.37 - gsmtp {"timestamp":"2026-03-24T18:33:00.216Z"}
